<?xml version="1.0" encoding="UTF-8"?>
<testsuite xmlns:xsi="http://www.w3.org/2001/XMLSchema-instance" xsi:noNamespaceSchemaLocation="https://maven.apache.org/surefire/maven-surefire-plugin/xsd/surefire-test-report-3.0.xsd" version="3.0" name="com.lampify.controller.AuthIntegrationTest" time="5.711" tests="3" errors="0" skipped="0" failures="0">
  <properties>
[...]
</properties>
  <testcase name="fullAuthenticationFlow" classname="com.lampify.controller.AuthIntegrationTest" time="0.74">
    <system-out><![CDATA[Standard Commons Logging discovery in action with spring-jcl: please remove commons-logging.jar from classpath in order to avoid potential conflicts
22:51:46.893 [main] INFO org.springframework.test.context.support.AnnotationConfigContextLoaderUtils -- Could not detect default configuration classes for test class [com.lampify.controller.AuthIntegrationTest]: AuthIntegrationTest does not declare any static, non-private, non-final, nested classes annotated with @Configuration.
22:51:47.002 [main] INFO org.springframework.boot.test.context.SpringBootTestContextBootstrapper -- Found @SpringBootConfiguration com.lampify.ESTValgusBackendApplication for test class com.lampify.controller.AuthIntegrationTest
  .   ____          _            __ _ _
 /\\ / ___'_ __ _ _(_)_ __  __ _ \ \ \ \
( ( )\___ | '_ | '_| | '_ \/ _` | \ \ \ \
 \\/  ___)| |_)| | | | | || (_| |  ) ) ) )
  '  |____| .__|_| |_|_| |_\__, | / / / /
 =========|_|==============|___/=/_/_/_/

 :: Spring Boot ::                (v3.3.0)

2026-07-21 22:51:47 INFO  [main] c.l.controller.AuthIntegrationTest - Starting AuthIntegrationTest using Java 21.0.11 with PID 190931 (started by emmerisalu in /home/emmerisalu/projects/backend)
2026-07-21 22:51:47 DEBUG [main] c.l.controller.AuthIntegrationTest - Running with Spring Boot v3.3.0, Spring v6.1.8
2026-07-21 22:51:47 INFO  [main] c.l.controller.AuthIntegrationTest - The following 1 profile is active: "test"
2026-07-21 22:51:47 INFO  [main] o.s.d.r.c.RepositoryConfigurationDelegate - Bootstrapping Spring Data JPA repositories in DEFAULT mode.
2026-07-21 22:51:48 INFO  [main] o.s.d.r.c.RepositoryConfigurationDelegate - Finished Spring Data repository scanning in 122 ms. Found 8 JPA repository interfaces.
2026-07-21 22:51:48 INFO  [main] o.h.jpa.internal.util.LogHelper - HHH000204: Processing PersistenceUnitInfo [name: default]
2026-07-21 22:51:48 INFO  [main] org.hibernate.Version - HHH000412: Hibernate ORM core version 6.5.2.Final
2026-07-21 22:51:48 INFO  [main] o.h.c.i.RegionFactoryInitiator - HHH000026: Second-level cache disabled
2026-07-21 22:51:49 INFO  [main] o.s.o.j.p.SpringPersistenceUnitInfo - No LoadTimeWeaver setup: ignoring JPA class transformer
2026-07-21 22:51:49 INFO  [main] com.zaxxer.hikari.HikariDataSource - HikariPool-1 - Starting...
2026-07-21 22:51:49 INFO  [main] com.zaxxer.hikari.pool.HikariPool - HikariPool-1 - Added connection conn0: url=jdbc:h2:mem:lampify_test user=SA
2026-07-21 22:51:49 INFO  [main] com.zaxxer.hikari.HikariDataSource - HikariPool-1 - Start completed.
2026-07-21 22:51:49 WARN  [main] org.hibernate.orm.deprecation - HHH90000025: H2Dialect does not need to be specified explicitly using 'hibernate.dialect' (remove the property setting and it will be selected by default)
2026-07-21 22:51:50 INFO  [main] o.h.e.t.j.p.i.JtaPlatformInitiator - HHH000489: No JTA platform available (set 'hibernate.transaction.jta.platform' to enable JTA platform integration)
2026-07-21 22:51:50 DEBUG [main] org.hibernate.SQL - 
    drop table if exists categories cascade 
2026-07-21 22:51:50 DEBUG [main] org.hibernate.SQL - 
    drop table if exists password_reset_tokens cascade 
2026-07-21 22:51:50 DEBUG [main] org.hibernate.SQL - 
    drop table if exists product_images cascade 
2026-07-21 22:51:50 DEBUG [main] org.hibernate.SQL - 
    drop table if exists products cascade 
2026-07-21 22:51:50 DEBUG [main] org.hibernate.SQL - 
    drop table if exists refresh_tokens cascade 
2026-07-21 22:51:50 DEBUG [main] org.hibernate.SQL - 
    drop table if exists revoked_access_tokens cascade 
2026-07-21 22:51:50 DEBUG [main] org.hibernate.SQL - 
    drop table if exists two_factor_backup_codes cascade 
2026-07-21 22:51:50 DEBUG [main] org.hibernate.SQL - 
    drop table if exists users cascade 
2026-07-21 22:51:50 DEBUG [main] org.hibernate.SQL - 
    create table categories (
        created_at timestamp(6) not null,
        id bigint generated by default as identity,
        name varchar(100) not null,
        slug varchar(100) not null unique,
        description TEXT,
        primary key (id)
    )
2026-07-21 22:51:50 DEBUG [main] org.hibernate.SQL - 
    create table password_reset_tokens (
        used boolean not null,
        created_at timestamp(6) with time zone not null,
        expires_at timestamp(6) with time zone not null,
        id bigint generated by default as identity,
        user_id bigint not null,
        token varchar(255) not null unique,
        primary key (id)
    )
2026-07-21 22:51:50 DEBUG [main] org.hibernate.SQL - 
    create table product_images (
        is_primary boolean not null,
        sort_order integer not null,
        created_at timestamp(6) not null,
        id bigint generated by default as identity,
        product_id bigint not null,
        url_path varchar(500) not null,
        file_name varchar(255) not null,
        primary key (id)
    )
2026-07-21 22:51:50 DEBUG [main] org.hibernate.SQL - 
    create table products (
        height_cm numeric(8,2),
        height_in numeric(8,2),
        length_cm numeric(8,2),
        length_in numeric(8,2),
        price numeric(10,2) not null,
        rating numeric(3,2) not null,
        stock_quantity integer not null,
        weight_kg numeric(8,3),
        weight_lb numeric(8,3),
        width_cm numeric(8,2),
        width_in numeric(8,2),
        category_id bigint not null,
        created_at timestamp(6) not null,
        id bigint generated by default as identity,
        updated_at timestamp(6) not null,
        brand varchar(100) not null,
        description TEXT not null,
        name varchar(255) not null,
        primary key (id)
    )
2026-07-21 22:51:50 DEBUG [main] org.hibernate.SQL - 
    create table refresh_tokens (
        revoked boolean not null,
        used boolean not null,
        created_at timestamp(6) with time zone not null,
        expires_at timestamp(6) with time zone not null,
        id bigint generated by default as identity,
        user_id bigint not null,
        token varchar(255) not null unique,
        primary key (id)
    )
2026-07-21 22:51:50 DEBUG [main] org.hibernate.SQL - 
    create table revoked_access_tokens (
        expires_at timestamp(6) with time zone not null,
        id bigint generated by default as identity,
        revoked_at timestamp(6) with time zone not null,
        jti varchar(255) not null unique,
        primary key (id)
    )
2026-07-21 22:51:50 DEBUG [main] org.hibernate.SQL - 
    create table two_factor_backup_codes (
        used boolean not null,
        created_at timestamp(6) with time zone not null,
        id bigint generated by default as identity,
        user_id bigint not null,
        code_hash varchar(255) not null,
        primary key (id)
    )
2026-07-21 22:51:50 DEBUG [main] org.hibernate.SQL - 
    create table users (
        enabled boolean not null,
        failed_login_attempts integer not null,
        two_factor_enabled boolean not null,
        account_locked_until timestamp(6),
        created_at timestamp(6) not null,
        id bigint generated by default as identity,
        last_login_at timestamp(6),
        updated_at timestamp(6) not null,
        email varchar(255) not null unique,
        password varchar(255) not null,
        provider varchar(255),
        two_factor_secret varchar(255),
        username varchar(255) not null,
        primary key (id)
    )
2026-07-21 22:51:50 DEBUG [main] org.hibernate.SQL - 
    alter table if exists password_reset_tokens 
       add constraint FKk3ndxg5xp6v7wd4gjyusp15gq 
       foreign key (user_id) 
       references users
2026-07-21 22:51:50 DEBUG [main] org.hibernate.SQL - 
    alter table if exists product_images 
       add constraint FKqnq71xsohugpqwf3c9gxmsuy 
       foreign key (product_id) 
       references products
2026-07-21 22:51:50 DEBUG [main] org.hibernate.SQL - 
    alter table if exists products 
       add constraint FKog2rp4qthbtt2lfyhfo32lsw9 
       foreign key (category_id) 
       references categories
2026-07-21 22:51:50 DEBUG [main] org.hibernate.SQL - 
    alter table if exists refresh_tokens 
       add constraint FK1lih5y2npsf8u5o3vhdb9y0os 
       foreign key (user_id) 
       references users
2026-07-21 22:51:50 DEBUG [main] org.hibernate.SQL - 
    alter table if exists two_factor_backup_codes 
       add constraint FK33i0g5q6rixphf8nctftlffkn 
       foreign key (user_id) 
       references users
2026-07-21 22:51:50 INFO  [main] o.s.o.j.LocalContainerEntityManagerFactoryBean - Initialized JPA EntityManagerFactory for persistence unit 'default'
2026-07-21 22:51:50 WARN  [main] o.s.b.a.o.j.JpaBaseConfiguration$JpaWebConfiguration - spring.jpa.open-in-view is enabled by default. Therefore, database queries may be performed during view rendering. Explicitly configure spring.jpa.open-in-view to disable this warning
2026-07-21 22:51:50 WARN  [main] o.s.b.a.s.s.UserDetailsServiceAutoConfiguration - 

Using generated security password: 492880d7-6247-4f6a-b0e2-150e4e0b99b8

This generated password is for development use only. Your security configuration must be updated before running your application in production.

2026-07-21 22:51:50 INFO  [main] o.s.s.c.a.a.c.InitializeUserDetailsBeanManagerConfigurer$InitializeUserDetailsManagerConfigurer - Global AuthenticationManager configured with UserDetailsService bean with name inMemoryUserDetailsManager
2026-07-21 22:51:51 INFO  [main] o.s.s.web.DefaultSecurityFilterChain - Will secure any request with [org.springframework.security.web.session.DisableEncodeUrlFilter@27215154, org.springframework.security.web.context.request.async.WebAsyncManagerIntegrationFilter@6bca3b27, org.springframework.security.web.context.SecurityContextHolderFilter@353ac1ef, org.springframework.security.web.header.HeaderWriterFilter@4951dc8c, org.springframework.web.filter.CorsFilter@25bd8eab, org.springframework.security.web.authentication.logout.LogoutFilter@4ceac22d, com.lampify.security.RateLimitingFilter@68a1bb31, com.lampify.security.JwtAuthenticationFilter@2c4eda3a, org.springframework.security.web.savedrequest.RequestCacheAwareFilter@22912968, org.springframework.security.web.servletapi.SecurityContextHolderAwareRequestFilter@b45e264, org.springframework.security.web.authentication.AnonymousAuthenticationFilter@15974f4e, org.springframework.security.web.access.ExceptionTranslationFilter@1626612d, org.springframework.security.web.access.intercept.AuthorizationFilter@56929ce]
2026-07-21 22:51:51 WARN  [main] o.s.s.c.a.web.builders.WebSecurity - You are asking Spring Security to ignore Ant [pattern='/uploads/**']. This is not recommended -- please use permitAll via HttpSecurity#authorizeHttpRequests instead.
2026-07-21 22:51:51 INFO  [main] o.s.s.web.DefaultSecurityFilterChain - Will not secure Ant [pattern='/uploads/**']
2026-07-21 22:51:51 INFO  [main] o.s.b.t.m.w.SpringBootMockServletContext - Initializing Spring TestDispatcherServlet ''
2026-07-21 22:51:51 INFO  [main] o.s.t.w.s.TestDispatcherServlet - Initializing Servlet ''
2026-07-21 22:51:51 INFO  [main] o.s.t.w.s.TestDispatcherServlet - Completed initialization in 1 ms
2026-07-21 22:51:51 INFO  [main] c.l.controller.AuthIntegrationTest - Started AuthIntegrationTest in 4.238 seconds (process running for 5.11)
2026-07-21 22:51:51 DEBUG [main] org.hibernate.SQL - 
    select
        p1_0.id,
        p1_0.brand,
        p1_0.category_id,
        p1_0.created_at,
        p1_0.description,
        p1_0.height_cm,
        p1_0.height_in,
        p1_0.length_cm,
        p1_0.length_in,
        p1_0.name,
        p1_0.price,
        p1_0.rating,
        p1_0.stock_quantity,
        p1_0.updated_at,
        p1_0.weight_kg,
        p1_0.weight_lb,
        p1_0.width_cm,
        p1_0.width_in 
    from
        products p1_0
2026-07-21 22:51:51 DEBUG [main] org.hibernate.SQL - 
    select
        u1_0.id 
    from
        users u1_0 
    where
        u1_0.email=? 
    fetch
        first ? rows only
2026-07-21 22:51:52 DEBUG [main] org.hibernate.SQL - 
    insert 
    into
        users
        (account_locked_until, created_at, email, enabled, failed_login_attempts, last_login_at, password, provider, two_factor_enabled, two_factor_secret, updated_at, username, id) 
    values
        (?, ?, ?, ?, ?, ?, ?, ?, ?, ?, ?, ?, default)
2026-07-21 22:51:52 DEBUG [main] org.hibernate.SQL - 
    insert 
    into
        refresh_tokens
        (created_at, expires_at, revoked, token, used, user_id, id) 
    values
        (?, ?, ?, ?, ?, ?, default)
2026-07-21 22:51:52 DEBUG [main] org.hibernate.SQL - 
    select
        u1_0.id,
        u1_0.account_locked_until,
        u1_0.created_at,
        u1_0.email,
        u1_0.enabled,
        u1_0.failed_login_attempts,
        u1_0.last_login_at,
        u1_0.password,
        u1_0.provider,
        u1_0.two_factor_enabled,
        u1_0.two_factor_secret,
        u1_0.updated_at,
        u1_0.username 
    from
        users u1_0 
    where
        u1_0.email=?
2026-07-21 22:51:52 DEBUG [main] org.hibernate.SQL - 
    insert 
    into
        refresh_tokens
        (created_at, expires_at, revoked, token, used, user_id, id) 
    values
        (?, ?, ?, ?, ?, ?, default)
2026-07-21 22:51:52 DEBUG [main] org.hibernate.SQL - 
    select
        rt1_0.id,
        rt1_0.created_at,
        rt1_0.expires_at,
        rt1_0.revoked,
        rt1_0.token,
        rt1_0.used,
        rt1_0.user_id 
    from
        refresh_tokens rt1_0 
    where
        rt1_0.token=?
2026-07-21 22:51:52 DEBUG [main] org.hibernate.SQL - 
    select
        u1_0.id,
        u1_0.account_locked_until,
        u1_0.created_at,
        u1_0.email,
        u1_0.enabled,
        u1_0.failed_login_attempts,
        u1_0.last_login_at,
        u1_0.password,
        u1_0.provider,
        u1_0.two_factor_enabled,
        u1_0.two_factor_secret,
        u1_0.updated_at,
        u1_0.username 
    from
        users u1_0 
    where
        u1_0.id=?
2026-07-21 22:51:52 DEBUG [main] org.hibernate.SQL - 
    insert 
    into
        refresh_tokens
        (created_at, expires_at, revoked, token, used, user_id, id) 
    values
        (?, ?, ?, ?, ?, ?, default)
2026-07-21 22:51:52 DEBUG [main] org.hibernate.SQL - 
    update
        refresh_tokens 
    set
        created_at=?,
        expires_at=?,
        revoked=?,
        token=?,
        used=?,
        user_id=? 
    where
        id=?
2026-07-21 22:51:52 DEBUG [main] org.hibernate.SQL - 
    select
        rt1_0.id,
        rt1_0.created_at,
        rt1_0.expires_at,
        rt1_0.revoked,
        rt1_0.token,
        rt1_0.used,
        rt1_0.user_id 
    from
        refresh_tokens rt1_0 
    where
        rt1_0.token=?
2026-07-21 22:51:52 DEBUG [main] org.hibernate.SQL - 
    select
        rt1_0.id,
        rt1_0.created_at,
        rt1_0.expires_at,
        rt1_0.revoked,
        rt1_0.token,
        rt1_0.used,
        rt1_0.user_id 
    from
        refresh_tokens rt1_0 
    where
        rt1_0.token=?
]]></system-out>
    <system-err><![CDATA[WARNING: A Java agent has been loaded dynamically (/home/emmerisalu/.m2/repository/net/bytebuddy/byte-buddy-agent/1.14.16/byte-buddy-agent-1.14.16.jar)
WARNING: If a serviceability tool is in use, please run with -XX:+EnableDynamicAgentLoading to hide this warning
WARNING: If a serviceability tool is not in use, please run with -Djdk.instrument.traceUsage for more information
WARNING: Dynamic loading of agents will be disallowed by default in a future release
]]></system-err>
  </testcase>
  <testcase name="refreshTokenRotationRejectsOldToken" classname="com.lampify.controller.AuthIntegrationTest" time="0.159">
    <system-out><![CDATA[2026-07-21 22:51:52 DEBUG [main] org.hibernate.SQL - 
    select
        u1_0.id 
    from
        users u1_0 
    where
        u1_0.email=? 
    fetch
        first ? rows only
2026-07-21 22:51:52 DEBUG [main] org.hibernate.SQL - 
    insert 
    into
        users
        (account_locked_until, created_at, email, enabled, failed_login_attempts, last_login_at, password, provider, two_factor_enabled, two_factor_secret, updated_at, username, id) 
    values
        (?, ?, ?, ?, ?, ?, ?, ?, ?, ?, ?, ?, default)
2026-07-21 22:51:52 DEBUG [main] org.hibernate.SQL - 
    insert 
    into
        refresh_tokens
        (created_at, expires_at, revoked, token, used, user_id, id) 
    values
        (?, ?, ?, ?, ?, ?, default)
2026-07-21 22:51:52 DEBUG [main] org.hibernate.SQL - 
    select
        u1_0.id,
        u1_0.account_locked_until,
        u1_0.created_at,
        u1_0.email,
        u1_0.enabled,
        u1_0.failed_login_attempts,
        u1_0.last_login_at,
        u1_0.password,
        u1_0.provider,
        u1_0.two_factor_enabled,
        u1_0.two_factor_secret,
        u1_0.updated_at,
        u1_0.username 
    from
        users u1_0 
    where
        u1_0.email=?
2026-07-21 22:51:52 DEBUG [main] org.hibernate.SQL - 
    insert 
    into
        refresh_tokens
        (created_at, expires_at, revoked, token, used, user_id, id) 
    values
        (?, ?, ?, ?, ?, ?, default)
2026-07-21 22:51:52 DEBUG [main] org.hibernate.SQL - 
    select
        rt1_0.id,
        rt1_0.created_at,
        rt1_0.expires_at,
        rt1_0.revoked,
        rt1_0.token,
        rt1_0.used,
        rt1_0.user_id 
    from
        refresh_tokens rt1_0 
    where
        rt1_0.token=?
2026-07-21 22:51:52 DEBUG [main] org.hibernate.SQL - 
    select
        u1_0.id,
        u1_0.account_locked_until,
        u1_0.created_at,
        u1_0.email,
        u1_0.enabled,
        u1_0.failed_login_attempts,
        u1_0.last_login_at,
        u1_0.password,
        u1_0.provider,
        u1_0.two_factor_enabled,
        u1_0.two_factor_secret,
        u1_0.updated_at,
        u1_0.username 
    from
        users u1_0 
    where
        u1_0.id=?
2026-07-21 22:51:52 DEBUG [main] org.hibernate.SQL - 
    insert 
    into
        refresh_tokens
        (created_at, expires_at, revoked, token, used, user_id, id) 
    values
        (?, ?, ?, ?, ?, ?, default)
2026-07-21 22:51:52 DEBUG [main] org.hibernate.SQL - 
    update
        refresh_tokens 
    set
        created_at=?,
        expires_at=?,
        revoked=?,
        token=?,
        used=?,
        user_id=? 
    where
        id=?
2026-07-21 22:51:52 DEBUG [main] org.hibernate.SQL - 
    select
        rt1_0.id,
        rt1_0.created_at,
        rt1_0.expires_at,
        rt1_0.revoked,
        rt1_0.token,
        rt1_0.used,
        rt1_0.user_id 
    from
        refresh_tokens rt1_0 
    where
        rt1_0.token=?
]]></system-out>
  </testcase>
  <testcase name="passwordResetFlow" classname="com.lampify.controller.AuthIntegrationTest" time="0.09">
    <system-out><![CDATA[2026-07-21 22:51:52 DEBUG [main] org.hibernate.SQL - 
    select
        u1_0.id 
    from
        users u1_0 
    where
        u1_0.email=? 
    fetch
        first ? rows only
2026-07-21 22:51:52 DEBUG [main] org.hibernate.SQL - 
    insert 
    into
        users
        (account_locked_until, created_at, email, enabled, failed_login_attempts, last_login_at, password, provider, two_factor_enabled, two_factor_secret, updated_at, username, id) 
    values
        (?, ?, ?, ?, ?, ?, ?, ?, ?, ?, ?, ?, default)
2026-07-21 22:51:52 DEBUG [main] org.hibernate.SQL - 
    insert 
    into
        refresh_tokens
        (created_at, expires_at, revoked, token, used, user_id, id) 
    values
        (?, ?, ?, ?, ?, ?, default)
2026-07-21 22:51:52 DEBUG [main] org.hibernate.SQL - 
    select
        u1_0.id,
        u1_0.account_locked_until,
        u1_0.created_at,
        u1_0.email,
        u1_0.enabled,
        u1_0.failed_login_attempts,
        u1_0.last_login_at,
        u1_0.password,
        u1_0.provider,
        u1_0.two_factor_enabled,
        u1_0.two_factor_secret,
        u1_0.updated_at,
        u1_0.username 
    from
        users u1_0 
    where
        u1_0.email=?
2026-07-21 22:51:52 DEBUG [main] org.hibernate.SQL - 
    select
        prt1_0.id,
        prt1_0.created_at,
        prt1_0.expires_at,
        prt1_0.token,
        prt1_0.used,
        prt1_0.user_id 
    from
        password_reset_tokens prt1_0 
    where
        prt1_0.user_id=?
2026-07-21 22:51:52 DEBUG [main] org.hibernate.SQL - 
    insert 
    into
        password_reset_tokens
        (created_at, expires_at, token, used, user_id, id) 
    values
        (?, ?, ?, ?, ?, default)
2026-07-21 22:51:52 INFO  [main] com.lampify.service.EmailService - Mail not configured. Password reset link for reset.user@example.com: http://localhost:5173/reset-password?token=41e8669b-d56e-45f0-a743-b21485373b44
2026-07-21 22:51:52 DEBUG [main] org.hibernate.SQL - 
    select
        prt1_0.id,
        prt1_0.created_at,
        prt1_0.expires_at,
        prt1_0.token,
        prt1_0.used,
        prt1_0.user_id 
    from
        password_reset_tokens prt1_0 
    where
        prt1_0.token=?
]]></system-out>
  </testcase>
</testsuite>