<?xml version="1.0" encoding="UTF-8"?>
<testsuite xmlns:xsi="http://www.w3.org/2001/XMLSchema-instance" xsi:noNamespaceSchemaLocation="https://maven.apache.org/surefire/maven-surefire-plugin/xsd/surefire-test-report-3.0.xsd" version="3.0" name="com.lampify.controller.OAuthEndpointSecurityTest" time="3.013" tests="1" errors="0" skipped="0" failures="0">
  <properties>
[...]
</properties>
  <testcase name="oauthLoginIsPermittedWithoutAuthentication" classname="com.lampify.controller.OAuthEndpointSecurityTest" time="0.057">
    <system-out><![CDATA[2026-07-29 17:12:50 INFO  [main] o.s.t.c.s.AnnotationConfigContextLoaderUtils - Could not detect default configuration classes for test class [com.lampify.controller.OAuthEndpointSecurityTest]: OAuthEndpointSecurityTest does not declare any static, non-private, non-final, nested classes annotated with @Configuration.
2026-07-29 17:12:50 INFO  [main] o.s.b.t.c.SpringBootTestContextBootstrapper - Found @SpringBootConfiguration com.lampify.ESTValgusBackendApplication for test class com.lampify.controller.OAuthEndpointSecurityTest
  .   ____          _            __ _ _
 /\\ / ___'_ __ _ _(_)_ __  __ _ \ \ \ \
( ( )\___ | '_ | '_| | '_ \/ _` | \ \ \ \
 \\/  ___)| |_)| | | | | || (_| |  ) ) ) )
  '  |____| .__|_| |_|_| |_\__, | / / / /
 =========|_|==============|___/=/_/_/_/

 :: Spring Boot ::                (v3.3.0)

2026-07-29 17:12:50 INFO  [main] c.l.c.OAuthEndpointSecurityTest - Starting OAuthEndpointSecurityTest using Java 21.0.11 with PID 92503 (started by root in /root/EstValgus/i-love-shopping/backend)
2026-07-29 17:12:50 DEBUG [main] c.l.c.OAuthEndpointSecurityTest - Running with Spring Boot v3.3.0, Spring v6.1.8
2026-07-29 17:12:50 INFO  [main] c.l.c.OAuthEndpointSecurityTest - The following 1 profile is active: "test"
2026-07-29 17:12:51 INFO  [main] o.s.d.r.c.RepositoryConfigurationDelegate - Bootstrapping Spring Data JPA repositories in DEFAULT mode.
2026-07-29 17:12:51 INFO  [main] o.s.d.r.c.RepositoryConfigurationDelegate - Finished Spring Data repository scanning in 72 ms. Found 12 JPA repository interfaces.
2026-07-29 17:12:51 INFO  [main] o.h.jpa.internal.util.LogHelper - HHH000204: Processing PersistenceUnitInfo [name: default]
2026-07-29 17:12:51 INFO  [main] o.h.c.i.RegionFactoryInitiator - HHH000026: Second-level cache disabled
2026-07-29 17:12:51 INFO  [main] o.s.o.j.p.SpringPersistenceUnitInfo - No LoadTimeWeaver setup: ignoring JPA class transformer
2026-07-29 17:12:51 INFO  [main] com.zaxxer.hikari.HikariDataSource - HikariPool-2 - Starting...
2026-07-29 17:12:51 INFO  [main] com.zaxxer.hikari.pool.HikariPool - HikariPool-2 - Added connection conn5: url=jdbc:h2:mem:lampify_test user=SA
2026-07-29 17:12:51 INFO  [main] com.zaxxer.hikari.HikariDataSource - HikariPool-2 - Start completed.
2026-07-29 17:12:51 WARN  [main] org.hibernate.orm.deprecation - HHH90000025: H2Dialect does not need to be specified explicitly using 'hibernate.dialect' (remove the property setting and it will be selected by default)
2026-07-29 17:12:52 INFO  [main] o.h.e.t.j.p.i.JtaPlatformInitiator - HHH000489: No JTA platform available (set 'hibernate.transaction.jta.platform' to enable JTA platform integration)
2026-07-29 17:12:52 DEBUG [main] org.hibernate.SQL - 
    drop table if exists cart_items cascade 
2026-07-29 17:12:52 DEBUG [main] org.hibernate.SQL - 
    drop table if exists carts cascade 
2026-07-29 17:12:52 DEBUG [main] org.hibernate.SQL - 
    drop table if exists categories cascade 
2026-07-29 17:12:52 DEBUG [main] org.hibernate.SQL - 
    drop table if exists order_items cascade 
2026-07-29 17:12:52 DEBUG [main] org.hibernate.SQL - 
    drop table if exists order_status_history cascade 
2026-07-29 17:12:52 DEBUG [main] org.hibernate.SQL - 
    drop table if exists orders cascade 
2026-07-29 17:12:52 DEBUG [main] org.hibernate.SQL - 
    drop table if exists password_reset_tokens cascade 
2026-07-29 17:12:52 DEBUG [main] org.hibernate.SQL - 
    drop table if exists payment_transactions cascade 
2026-07-29 17:12:52 DEBUG [main] org.hibernate.SQL - 
    drop table if exists product_images cascade 
2026-07-29 17:12:52 DEBUG [main] org.hibernate.SQL - 
    drop table if exists products cascade 
2026-07-29 17:12:52 DEBUG [main] org.hibernate.SQL - 
    drop table if exists refresh_tokens cascade 
2026-07-29 17:12:52 DEBUG [main] org.hibernate.SQL - 
    drop table if exists revoked_access_tokens cascade 
2026-07-29 17:12:52 DEBUG [main] org.hibernate.SQL - 
    drop table if exists two_factor_backup_codes cascade 
2026-07-29 17:12:52 DEBUG [main] org.hibernate.SQL - 
    drop table if exists users cascade 
2026-07-29 17:12:52 DEBUG [main] org.hibernate.SQL - 
    create table cart_items (
        quantity integer not null,
        cart_id bigint not null,
        created_at timestamp(6) not null,
        id bigint generated by default as identity,
        product_id bigint not null,
        updated_at timestamp(6) not null,
        primary key (id),
        constraint uq_cart_product unique (cart_id, product_id)
    )
2026-07-29 17:12:52 DEBUG [main] org.hibernate.SQL - 
    create table carts (
        created_at timestamp(6) not null,
        id bigint generated by default as identity,
        updated_at timestamp(6) not null,
        user_id bigint unique,
        guest_token varchar(64) unique,
        primary key (id)
    )
2026-07-29 17:12:52 DEBUG [main] org.hibernate.SQL - 
    create table categories (
        created_at timestamp(6) not null,
        id bigint generated by default as identity,
        name varchar(100) not null,
        slug varchar(100) not null unique,
        description TEXT,
        primary key (id)
    )
2026-07-29 17:12:52 DEBUG [main] org.hibernate.SQL - 
    create table order_items (
        line_total numeric(12,2) not null,
        quantity integer not null,
        unit_price numeric(10,2) not null,
        id bigint generated by default as identity,
        order_id bigint not null,
        product_id bigint,
        product_name varchar(255) not null,
        primary key (id)
    )
2026-07-29 17:12:52 DEBUG [main] org.hibernate.SQL - 
    create table order_status_history (
        created_at timestamp(6) not null,
        id bigint generated by default as identity,
        order_id bigint not null,
        note varchar(500),
        status enum ('CANCELLED','FAILED','FULFILLED','PAID','PENDING_PAYMENT') not null,
        primary key (id)
    )
2026-07-29 17:12:52 DEBUG [main] org.hibernate.SQL - 
    create table orders (
        total_amount numeric(12,2) not null,
        created_at timestamp(6) not null,
        id bigint generated by default as identity,
        updated_at timestamp(6) not null,
        user_id bigint,
        order_number varchar(32) not null unique,
        city varchar(512) not null,
        country varchar(512) not null,
        email varchar(512) not null,
        full_name varchar(512) not null,
        phone varchar(512) not null,
        postal_code varchar(512) not null,
        address_line1 varchar(1024) not null,
        address_line2 varchar(1024),
        payment_method enum ('CARD','PAYPAL','STRIPE') not null,
        status enum ('CANCELLED','FAILED','FULFILLED','PAID','PENDING_PAYMENT') not null,
        primary key (id)
    )
2026-07-29 17:12:52 DEBUG [main] org.hibernate.SQL - 
    create table password_reset_tokens (
        used boolean not null,
        created_at timestamp(6) with time zone not null,
        expires_at timestamp(6) with time zone not null,
        id bigint generated by default as identity,
        user_id bigint not null,
        token varchar(255) not null unique,
        primary key (id)
    )
2026-07-29 17:12:52 DEBUG [main] org.hibernate.SQL - 
    create table payment_transactions (
        amount numeric(12,2) not null,
        currency varchar(3) not null,
        created_at timestamp(6) not null,
        id bigint generated by default as identity,
        order_id bigint not null,
        updated_at timestamp(6) not null,
        provider varchar(32) not null,
        failure_code varchar(64),
        provider_payment_id varchar(512),
        failure_message varchar(1024),
        status enum ('FAILED','PROCESSING','REQUIRES_PAYMENT','SUCCEEDED','TIMED_OUT') not null,
        primary key (id)
    )
2026-07-29 17:12:52 DEBUG [main] org.hibernate.SQL - 
    create table product_images (
        is_primary boolean not null,
        sort_order integer not null,
        created_at timestamp(6) not null,
        id bigint generated by default as identity,
        product_id bigint not null,
        url_path varchar(500) not null,
        file_name varchar(255) not null,
        primary key (id)
    )
2026-07-29 17:12:52 DEBUG [main] org.hibernate.SQL - 
    create table products (
        height_cm numeric(8,2),
        height_in numeric(8,2),
        length_cm numeric(8,2),
        length_in numeric(8,2),
        price numeric(10,2) not null,
        rating numeric(3,2) not null,
        stock_quantity integer not null,
        weight_kg numeric(8,3),
        weight_lb numeric(8,3),
        width_cm numeric(8,2),
        width_in numeric(8,2),
        category_id bigint not null,
        created_at timestamp(6) not null,
        id bigint generated by default as identity,
        updated_at timestamp(6) not null,
        brand varchar(100) not null,
        description TEXT not null,
        name varchar(255) not null,
        primary key (id)
    )
2026-07-29 17:12:52 DEBUG [main] org.hibernate.SQL - 
    create table refresh_tokens (
        revoked boolean not null,
        used boolean not null,
        created_at timestamp(6) with time zone not null,
        expires_at timestamp(6) with time zone not null,
        id bigint generated by default as identity,
        user_id bigint not null,
        token varchar(255) not null unique,
        primary key (id)
    )
2026-07-29 17:12:52 DEBUG [main] org.hibernate.SQL - 
    create table revoked_access_tokens (
        expires_at timestamp(6) with time zone not null,
        id bigint generated by default as identity,
        revoked_at timestamp(6) with time zone not null,
        jti varchar(255) not null unique,
        primary key (id)
    )
2026-07-29 17:12:52 DEBUG [main] org.hibernate.SQL - 
    create table two_factor_backup_codes (
        used boolean not null,
        created_at timestamp(6) with time zone not null,
        id bigint generated by default as identity,
        user_id bigint not null,
        code_hash varchar(255) not null,
        primary key (id)
    )
2026-07-29 17:12:52 DEBUG [main] org.hibernate.SQL - 
    create table users (
        enabled boolean not null,
        failed_login_attempts integer not null,
        password_login_enabled boolean not null,
        two_factor_enabled boolean not null,
        account_locked_until timestamp(6),
        created_at timestamp(6) not null,
        id bigint generated by default as identity,
        last_login_at timestamp(6),
        updated_at timestamp(6) not null,
        email varchar(255) not null unique,
        password varchar(255) not null,
        provider varchar(255),
        two_factor_secret varchar(255),
        username varchar(255) not null,
        primary key (id)
    )
2026-07-29 17:12:52 DEBUG [main] org.hibernate.SQL - 
    alter table if exists cart_items 
       add constraint FKpcttvuq4mxppo8sxggjtn5i2c 
       foreign key (cart_id) 
       references carts
2026-07-29 17:12:52 DEBUG [main] org.hibernate.SQL - 
    alter table if exists cart_items 
       add constraint FK1re40cjegsfvw58xrkdp6bac6 
       foreign key (product_id) 
       references products
2026-07-29 17:12:52 DEBUG [main] org.hibernate.SQL - 
    alter table if exists carts 
       add constraint FKb5o626f86h46m4s7ms6ginnop 
       foreign key (user_id) 
       references users
2026-07-29 17:12:52 DEBUG [main] org.hibernate.SQL - 
    alter table if exists order_items 
       add constraint FKbioxgbv59vetrxe0ejfubep1w 
       foreign key (order_id) 
       references orders
2026-07-29 17:12:52 DEBUG [main] org.hibernate.SQL - 
    alter table if exists order_items 
       add constraint FKocimc7dtr037rh4ls4l95nlfi 
       foreign key (product_id) 
       references products
2026-07-29 17:12:52 DEBUG [main] org.hibernate.SQL - 
    alter table if exists order_status_history 
       add constraint FKnmcbg3mmbt8wfva97ra40nmp3 
       foreign key (order_id) 
       references orders
2026-07-29 17:12:52 DEBUG [main] org.hibernate.SQL - 
    alter table if exists orders 
       add constraint FK32ql8ubntj5uh44ph9659tiih 
       foreign key (user_id) 
       references users
2026-07-29 17:12:52 DEBUG [main] org.hibernate.SQL - 
    alter table if exists password_reset_tokens 
       add constraint FKk3ndxg5xp6v7wd4gjyusp15gq 
       foreign key (user_id) 
       references users
2026-07-29 17:12:52 DEBUG [main] org.hibernate.SQL - 
    alter table if exists payment_transactions 
       add constraint FKnsous9qyrjv5ss8que6o6617 
       foreign key (order_id) 
       references orders
2026-07-29 17:12:52 DEBUG [main] org.hibernate.SQL - 
    alter table if exists product_images 
       add constraint FKqnq71xsohugpqwf3c9gxmsuy 
       foreign key (product_id) 
       references products
2026-07-29 17:12:52 DEBUG [main] org.hibernate.SQL - 
    alter table if exists products 
       add constraint FKog2rp4qthbtt2lfyhfo32lsw9 
       foreign key (category_id) 
       references categories
2026-07-29 17:12:52 DEBUG [main] org.hibernate.SQL - 
    alter table if exists refresh_tokens 
       add constraint FK1lih5y2npsf8u5o3vhdb9y0os 
       foreign key (user_id) 
       references users
2026-07-29 17:12:52 DEBUG [main] org.hibernate.SQL - 
    alter table if exists two_factor_backup_codes 
       add constraint FK33i0g5q6rixphf8nctftlffkn 
       foreign key (user_id) 
       references users
2026-07-29 17:12:52 INFO  [main] o.s.o.j.LocalContainerEntityManagerFactoryBean - Initialized JPA EntityManagerFactory for persistence unit 'default'
2026-07-29 17:12:53 INFO  [main] com.lampify.service.PaymentService - Stripe keys not set — payment sandbox simulation is active
2026-07-29 17:12:53 WARN  [main] o.s.b.a.o.j.JpaBaseConfiguration$JpaWebConfiguration - spring.jpa.open-in-view is enabled by default. Therefore, database queries may be performed during view rendering. Explicitly configure spring.jpa.open-in-view to disable this warning
2026-07-29 17:12:53 WARN  [main] o.s.b.a.s.s.UserDetailsServiceAutoConfiguration - 

Using generated security password: d26fe920-4afb-426e-9a3a-4ef44e8a3733

This generated password is for development use only. Your security configuration must be updated before running your application in production.

2026-07-29 17:12:53 INFO  [main] o.s.s.c.a.a.c.InitializeUserDetailsBeanManagerConfigurer$InitializeUserDetailsManagerConfigurer - Global AuthenticationManager configured with UserDetailsService bean with name inMemoryUserDetailsManager
2026-07-29 17:12:53 INFO  [main] o.s.s.web.DefaultSecurityFilterChain - Will secure any request with [org.springframework.security.web.session.DisableEncodeUrlFilter@61f5ee9d, org.springframework.security.web.context.request.async.WebAsyncManagerIntegrationFilter@4284bd5, org.springframework.security.web.context.SecurityContextHolderFilter@61a2d9ee, org.springframework.security.web.header.HeaderWriterFilter@5d9627d3, org.springframework.web.filter.CorsFilter@58afc14, org.springframework.security.web.authentication.logout.LogoutFilter@5877a9e7, com.lampify.security.RateLimitingFilter@41a6a728, com.lampify.security.JwtAuthenticationFilter@7f256398, org.springframework.security.web.savedrequest.RequestCacheAwareFilter@2a8be188, org.springframework.security.web.servletapi.SecurityContextHolderAwareRequestFilter@43296744, org.springframework.security.web.authentication.AnonymousAuthenticationFilter@56ec941b, org.springframework.security.web.access.ExceptionTranslationFilter@24d70c5, org.springframework.security.web.access.intercept.AuthorizationFilter@259ec563]
2026-07-29 17:12:53 WARN  [main] o.s.s.c.a.web.builders.WebSecurity - You are asking Spring Security to ignore Ant [pattern='/uploads/**']. This is not recommended -- please use permitAll via HttpSecurity#authorizeHttpRequests instead.
2026-07-29 17:12:53 INFO  [main] o.s.s.web.DefaultSecurityFilterChain - Will not secure Ant [pattern='/uploads/**']
2026-07-29 17:12:53 DEBUG [main] c.l.security.JwtAuthenticationFilter - Filter 'jwtAuthenticationFilter' configured for use
2026-07-29 17:12:53 DEBUG [main] c.l.security.RateLimitingFilter - Filter 'rateLimitingFilter' configured for use
2026-07-29 17:12:53 INFO  [main] o.s.b.t.m.w.SpringBootMockServletContext - Initializing Spring TestDispatcherServlet ''
2026-07-29 17:12:53 INFO  [main] o.s.t.w.s.TestDispatcherServlet - Initializing Servlet ''
2026-07-29 17:12:53 INFO  [main] o.s.t.w.s.TestDispatcherServlet - Completed initialization in 2 ms
2026-07-29 17:12:53 INFO  [main] c.l.c.OAuthEndpointSecurityTest - Started OAuthEndpointSecurityTest in 2.908 seconds (process running for 22.95)
2026-07-29 17:12:53 DEBUG [main] org.hibernate.SQL - 
    select
        p1_0.id,
        p1_0.brand,
        p1_0.category_id,
        p1_0.created_at,
        p1_0.description,
        p1_0.height_cm,
        p1_0.height_in,
        p1_0.length_cm,
        p1_0.length_in,
        p1_0.name,
        p1_0.price,
        p1_0.rating,
        p1_0.stock_quantity,
        p1_0.updated_at,
        p1_0.weight_kg,
        p1_0.weight_lb,
        p1_0.width_cm,
        p1_0.width_in 
    from
        products p1_0
]]></system-out>
  </testcase>
</testsuite>