<?xml version="1.0" encoding="UTF-8"?>
<testsuite xmlns:xsi="http://www.w3.org/2001/XMLSchema-instance" xsi:noNamespaceSchemaLocation="https://maven.apache.org/surefire/maven-surefire-plugin/xsd/surefire-test-report-3.0.xsd" version="3.0" name="com.lampify.controller.ProductCatalogIntegrationTest" time="0.326" tests="5" errors="0" skipped="0" failures="0">
  <properties>
[...]
</properties>
  <testcase name="listProductsReturnsPagedResultsWithFacets" classname="com.lampify.controller.ProductCatalogIntegrationTest" time="0.073">
    <system-out><![CDATA[2026-07-19 23:53:42 INFO  [main] o.s.t.c.s.AnnotationConfigContextLoaderUtils - Could not detect default configuration classes for test class [com.lampify.controller.ProductCatalogIntegrationTest]: ProductCatalogIntegrationTest does not declare any static, non-private, non-final, nested classes annotated with @Configuration.
2026-07-19 23:53:42 INFO  [main] o.s.b.t.c.SpringBootTestContextBootstrapper - Found @SpringBootConfiguration com.lampify.ESTValgusBackendApplication for test class com.lampify.controller.ProductCatalogIntegrationTest
2026-07-19 23:53:42 DEBUG [main] org.hibernate.SQL - 
    select
        p1_0.id,
        p1_0.brand,
        p1_0.category_id,
        p1_0.created_at,
        p1_0.description,
        p1_0.height_cm,
        p1_0.height_in,
        p1_0.length_cm,
        p1_0.length_in,
        p1_0.name,
        p1_0.price,
        p1_0.rating,
        p1_0.stock_quantity,
        p1_0.updated_at,
        p1_0.weight_kg,
        p1_0.weight_lb,
        p1_0.width_cm,
        p1_0.width_in 
    from
        products p1_0
2026-07-19 23:53:42 DEBUG [main] org.hibernate.SQL - 
    select
        i1_0.product_id,
        i1_0.id,
        i1_0.created_at,
        i1_0.file_name,
        i1_0.is_primary,
        i1_0.sort_order,
        i1_0.url_path 
    from
        product_images i1_0 
    where
        i1_0.product_id=? 
    order by
        i1_0.sort_order
2026-07-19 23:53:42 DEBUG [main] org.hibernate.SQL - 
    delete 
    from
        products 
    where
        id=?
2026-07-19 23:53:42 DEBUG [main] org.hibernate.SQL - 
    select
        c1_0.id,
        c1_0.created_at,
        c1_0.description,
        c1_0.name,
        c1_0.slug 
    from
        categories c1_0
2026-07-19 23:53:42 DEBUG [main] org.hibernate.SQL - 
    delete 
    from
        categories 
    where
        id=?
2026-07-19 23:53:42 DEBUG [main] org.hibernate.SQL - 
    insert 
    into
        categories
        (created_at, description, name, slug, id) 
    values
        (?, ?, ?, ?, default)
2026-07-19 23:53:42 DEBUG [main] org.hibernate.SQL - 
    insert 
    into
        categories
        (created_at, description, name, slug, id) 
    values
        (?, ?, ?, ?, default)
2026-07-19 23:53:42 DEBUG [main] org.hibernate.SQL - 
    insert 
    into
        products
        (brand, category_id, created_at, description, height_cm, height_in, length_cm, length_in, name, price, rating, stock_quantity, updated_at, weight_kg, weight_lb, width_cm, width_in, id) 
    values
        (?, ?, ?, ?, ?, ?, ?, ?, ?, ?, ?, ?, ?, ?, ?, ?, ?, default)
2026-07-19 23:53:42 DEBUG [main] org.hibernate.SQL - 
    insert 
    into
        products
        (brand, category_id, created_at, description, height_cm, height_in, length_cm, length_in, name, price, rating, stock_quantity, updated_at, weight_kg, weight_lb, width_cm, width_in, id) 
    values
        (?, ?, ?, ?, ?, ?, ?, ?, ?, ?, ?, ?, ?, ?, ?, ?, ?, default)
2026-07-19 23:53:42 DEBUG [main] org.hibernate.SQL - 
    insert 
    into
        products
        (brand, category_id, created_at, description, height_cm, height_in, length_cm, length_in, name, price, rating, stock_quantity, updated_at, weight_kg, weight_lb, width_cm, width_in, id) 
    values
        (?, ?, ?, ?, ?, ?, ?, ?, ?, ?, ?, ?, ?, ?, ?, ?, ?, default)
2026-07-19 23:53:42 DEBUG [main] org.hibernate.SQL - 
    insert 
    into
        products
        (brand, category_id, created_at, description, height_cm, height_in, length_cm, length_in, name, price, rating, stock_quantity, updated_at, weight_kg, weight_lb, width_cm, width_in, id) 
    values
        (?, ?, ?, ?, ?, ?, ?, ?, ?, ?, ?, ?, ?, ?, ?, ?, ?, default)
2026-07-19 23:53:42 WARN  [main] org.hibernate.orm.query - HHH90003004: firstResult/maxResults specified with collection fetch; applying in memory
2026-07-19 23:53:42 DEBUG [main] org.hibernate.SQL - 
    select
        distinct p1_0.id,
        p1_0.brand,
        p1_0.category_id,
        c1_0.id,
        c1_0.created_at,
        c1_0.description,
        c1_0.name,
        c1_0.slug,
        p1_0.created_at,
        p1_0.description,
        p1_0.height_cm,
        p1_0.height_in,
        i1_0.product_id,
        i1_0.id,
        i1_0.created_at,
        i1_0.file_name,
        i1_0.is_primary,
        i1_0.sort_order,
        i1_0.url_path,
        p1_0.length_cm,
        p1_0.length_in,
        p1_0.name,
        p1_0.price,
        p1_0.rating,
        p1_0.stock_quantity,
        p1_0.updated_at,
        p1_0.weight_kg,
        p1_0.weight_lb,
        p1_0.width_cm,
        p1_0.width_in 
    from
        products p1_0 
    join
        categories c1_0 
            on c1_0.id=p1_0.category_id 
    left join
        product_images i1_0 
            on p1_0.id=i1_0.product_id 
    order by
        p1_0.rating desc,
        p1_0.name,
        i1_0.sort_order
2026-07-19 23:53:42 DEBUG [main] org.hibernate.SQL - 
    select
        count(distinct p1_0.id) 
    from
        products p1_0
2026-07-19 23:53:42 DEBUG [main] org.hibernate.SQL - 
    select
        c1_0.id,
        c1_0.created_at,
        c1_0.description,
        c1_0.name,
        c1_0.slug 
    from
        categories c1_0
2026-07-19 23:53:42 DEBUG [main] org.hibernate.SQL - 
    select
        distinct p1_0.brand 
    from
        products p1_0 
    order by
        p1_0.brand
2026-07-19 23:53:42 DEBUG [main] org.hibernate.SQL - 
    select
        min(p1_0.price) 
    from
        products p1_0
2026-07-19 23:53:42 DEBUG [main] org.hibernate.SQL - 
    select
        max(p1_0.price) 
    from
        products p1_0
]]></system-out>
  </testcase>
  <testcase name="paginationRespectsPageAndSize" classname="com.lampify.controller.ProductCatalogIntegrationTest" time="0.042">
    <system-out><![CDATA[2026-07-19 23:53:42 DEBUG [main] org.hibernate.SQL - 
    select
        p1_0.id,
        p1_0.brand,
        p1_0.category_id,
        p1_0.created_at,
        p1_0.description,
        p1_0.height_cm,
        p1_0.height_in,
        p1_0.length_cm,
        p1_0.length_in,
        p1_0.name,
        p1_0.price,
        p1_0.rating,
        p1_0.stock_quantity,
        p1_0.updated_at,
        p1_0.weight_kg,
        p1_0.weight_lb,
        p1_0.width_cm,
        p1_0.width_in 
    from
        products p1_0
2026-07-19 23:53:42 DEBUG [main] org.hibernate.SQL - 
    select
        i1_0.product_id,
        i1_0.id,
        i1_0.created_at,
        i1_0.file_name,
        i1_0.is_primary,
        i1_0.sort_order,
        i1_0.url_path 
    from
        product_images i1_0 
    where
        i1_0.product_id=? 
    order by
        i1_0.sort_order
2026-07-19 23:53:42 DEBUG [main] org.hibernate.SQL - 
    select
        i1_0.product_id,
        i1_0.id,
        i1_0.created_at,
        i1_0.file_name,
        i1_0.is_primary,
        i1_0.sort_order,
        i1_0.url_path 
    from
        product_images i1_0 
    where
        i1_0.product_id=? 
    order by
        i1_0.sort_order
2026-07-19 23:53:42 DEBUG [main] org.hibernate.SQL - 
    select
        i1_0.product_id,
        i1_0.id,
        i1_0.created_at,
        i1_0.file_name,
        i1_0.is_primary,
        i1_0.sort_order,
        i1_0.url_path 
    from
        product_images i1_0 
    where
        i1_0.product_id=? 
    order by
        i1_0.sort_order
2026-07-19 23:53:42 DEBUG [main] org.hibernate.SQL - 
    select
        i1_0.product_id,
        i1_0.id,
        i1_0.created_at,
        i1_0.file_name,
        i1_0.is_primary,
        i1_0.sort_order,
        i1_0.url_path 
    from
        product_images i1_0 
    where
        i1_0.product_id=? 
    order by
        i1_0.sort_order
2026-07-19 23:53:42 DEBUG [main] org.hibernate.SQL - 
    delete 
    from
        products 
    where
        id=?
2026-07-19 23:53:42 DEBUG [main] org.hibernate.SQL - 
    delete 
    from
        products 
    where
        id=?
2026-07-19 23:53:42 DEBUG [main] org.hibernate.SQL - 
    delete 
    from
        products 
    where
        id=?
2026-07-19 23:53:42 DEBUG [main] org.hibernate.SQL - 
    delete 
    from
        products 
    where
        id=?
2026-07-19 23:53:42 DEBUG [main] org.hibernate.SQL - 
    select
        c1_0.id,
        c1_0.created_at,
        c1_0.description,
        c1_0.name,
        c1_0.slug 
    from
        categories c1_0
2026-07-19 23:53:42 DEBUG [main] org.hibernate.SQL - 
    delete 
    from
        categories 
    where
        id=?
2026-07-19 23:53:42 DEBUG [main] org.hibernate.SQL - 
    delete 
    from
        categories 
    where
        id=?
2026-07-19 23:53:42 DEBUG [main] org.hibernate.SQL - 
    insert 
    into
        categories
        (created_at, description, name, slug, id) 
    values
        (?, ?, ?, ?, default)
2026-07-19 23:53:42 DEBUG [main] org.hibernate.SQL - 
    insert 
    into
        categories
        (created_at, description, name, slug, id) 
    values
        (?, ?, ?, ?, default)
2026-07-19 23:53:42 DEBUG [main] org.hibernate.SQL - 
    insert 
    into
        products
        (brand, category_id, created_at, description, height_cm, height_in, length_cm, length_in, name, price, rating, stock_quantity, updated_at, weight_kg, weight_lb, width_cm, width_in, id) 
    values
        (?, ?, ?, ?, ?, ?, ?, ?, ?, ?, ?, ?, ?, ?, ?, ?, ?, default)
2026-07-19 23:53:42 DEBUG [main] org.hibernate.SQL - 
    insert 
    into
        products
        (brand, category_id, created_at, description, height_cm, height_in, length_cm, length_in, name, price, rating, stock_quantity, updated_at, weight_kg, weight_lb, width_cm, width_in, id) 
    values
        (?, ?, ?, ?, ?, ?, ?, ?, ?, ?, ?, ?, ?, ?, ?, ?, ?, default)
2026-07-19 23:53:42 DEBUG [main] org.hibernate.SQL - 
    insert 
    into
        products
        (brand, category_id, created_at, description, height_cm, height_in, length_cm, length_in, name, price, rating, stock_quantity, updated_at, weight_kg, weight_lb, width_cm, width_in, id) 
    values
        (?, ?, ?, ?, ?, ?, ?, ?, ?, ?, ?, ?, ?, ?, ?, ?, ?, default)
2026-07-19 23:53:42 DEBUG [main] org.hibernate.SQL - 
    insert 
    into
        products
        (brand, category_id, created_at, description, height_cm, height_in, length_cm, length_in, name, price, rating, stock_quantity, updated_at, weight_kg, weight_lb, width_cm, width_in, id) 
    values
        (?, ?, ?, ?, ?, ?, ?, ?, ?, ?, ?, ?, ?, ?, ?, ?, ?, default)
2026-07-19 23:53:42 WARN  [main] org.hibernate.orm.query - HHH90003004: firstResult/maxResults specified with collection fetch; applying in memory
2026-07-19 23:53:42 DEBUG [main] org.hibernate.SQL - 
    select
        distinct p1_0.id,
        p1_0.brand,
        p1_0.category_id,
        c1_0.id,
        c1_0.created_at,
        c1_0.description,
        c1_0.name,
        c1_0.slug,
        p1_0.created_at,
        p1_0.description,
        p1_0.height_cm,
        p1_0.height_in,
        i1_0.product_id,
        i1_0.id,
        i1_0.created_at,
        i1_0.file_name,
        i1_0.is_primary,
        i1_0.sort_order,
        i1_0.url_path,
        p1_0.length_cm,
        p1_0.length_in,
        p1_0.name,
        p1_0.price,
        p1_0.rating,
        p1_0.stock_quantity,
        p1_0.updated_at,
        p1_0.weight_kg,
        p1_0.weight_lb,
        p1_0.width_cm,
        p1_0.width_in 
    from
        products p1_0 
    join
        categories c1_0 
            on c1_0.id=p1_0.category_id 
    left join
        product_images i1_0 
            on p1_0.id=i1_0.product_id 
    order by
        p1_0.rating desc,
        p1_0.name,
        i1_0.sort_order
2026-07-19 23:53:42 DEBUG [main] org.hibernate.SQL - 
    select
        count(distinct p1_0.id) 
    from
        products p1_0
2026-07-19 23:53:42 DEBUG [main] org.hibernate.SQL - 
    select
        c1_0.id,
        c1_0.created_at,
        c1_0.description,
        c1_0.name,
        c1_0.slug 
    from
        categories c1_0
2026-07-19 23:53:42 DEBUG [main] org.hibernate.SQL - 
    select
        distinct p1_0.brand 
    from
        products p1_0 
    order by
        p1_0.brand
2026-07-19 23:53:42 DEBUG [main] org.hibernate.SQL - 
    select
        min(p1_0.price) 
    from
        products p1_0
2026-07-19 23:53:42 DEBUG [main] org.hibernate.SQL - 
    select
        max(p1_0.price) 
    from
        products p1_0
]]></system-out>
  </testcase>
  <testcase name="searchFiltersByTextBrandAndCategory" classname="com.lampify.controller.ProductCatalogIntegrationTest" time="0.085">
    <system-out><![CDATA[2026-07-19 23:53:42 DEBUG [main] org.hibernate.SQL - 
    select
        p1_0.id,
        p1_0.brand,
        p1_0.category_id,
        p1_0.created_at,
        p1_0.description,
        p1_0.height_cm,
        p1_0.height_in,
        p1_0.length_cm,
        p1_0.length_in,
        p1_0.name,
        p1_0.price,
        p1_0.rating,
        p1_0.stock_quantity,
        p1_0.updated_at,
        p1_0.weight_kg,
        p1_0.weight_lb,
        p1_0.width_cm,
        p1_0.width_in 
    from
        products p1_0
2026-07-19 23:53:42 DEBUG [main] org.hibernate.SQL - 
    select
        i1_0.product_id,
        i1_0.id,
        i1_0.created_at,
        i1_0.file_name,
        i1_0.is_primary,
        i1_0.sort_order,
        i1_0.url_path 
    from
        product_images i1_0 
    where
        i1_0.product_id=? 
    order by
        i1_0.sort_order
2026-07-19 23:53:42 DEBUG [main] org.hibernate.SQL - 
    select
        i1_0.product_id,
        i1_0.id,
        i1_0.created_at,
        i1_0.file_name,
        i1_0.is_primary,
        i1_0.sort_order,
        i1_0.url_path 
    from
        product_images i1_0 
    where
        i1_0.product_id=? 
    order by
        i1_0.sort_order
2026-07-19 23:53:42 DEBUG [main] org.hibernate.SQL - 
    select
        i1_0.product_id,
        i1_0.id,
        i1_0.created_at,
        i1_0.file_name,
        i1_0.is_primary,
        i1_0.sort_order,
        i1_0.url_path 
    from
        product_images i1_0 
    where
        i1_0.product_id=? 
    order by
        i1_0.sort_order
2026-07-19 23:53:42 DEBUG [main] org.hibernate.SQL - 
    select
        i1_0.product_id,
        i1_0.id,
        i1_0.created_at,
        i1_0.file_name,
        i1_0.is_primary,
        i1_0.sort_order,
        i1_0.url_path 
    from
        product_images i1_0 
    where
        i1_0.product_id=? 
    order by
        i1_0.sort_order
2026-07-19 23:53:42 DEBUG [main] org.hibernate.SQL - 
    delete 
    from
        products 
    where
        id=?
2026-07-19 23:53:42 DEBUG [main] org.hibernate.SQL - 
    delete 
    from
        products 
    where
        id=?
2026-07-19 23:53:42 DEBUG [main] org.hibernate.SQL - 
    delete 
    from
        products 
    where
        id=?
2026-07-19 23:53:42 DEBUG [main] org.hibernate.SQL - 
    delete 
    from
        products 
    where
        id=?
2026-07-19 23:53:42 DEBUG [main] org.hibernate.SQL - 
    select
        c1_0.id,
        c1_0.created_at,
        c1_0.description,
        c1_0.name,
        c1_0.slug 
    from
        categories c1_0
2026-07-19 23:53:42 DEBUG [main] org.hibernate.SQL - 
    delete 
    from
        categories 
    where
        id=?
2026-07-19 23:53:42 DEBUG [main] org.hibernate.SQL - 
    delete 
    from
        categories 
    where
        id=?
2026-07-19 23:53:42 DEBUG [main] org.hibernate.SQL - 
    insert 
    into
        categories
        (created_at, description, name, slug, id) 
    values
        (?, ?, ?, ?, default)
2026-07-19 23:53:42 DEBUG [main] org.hibernate.SQL - 
    insert 
    into
        categories
        (created_at, description, name, slug, id) 
    values
        (?, ?, ?, ?, default)
2026-07-19 23:53:42 DEBUG [main] org.hibernate.SQL - 
    insert 
    into
        products
        (brand, category_id, created_at, description, height_cm, height_in, length_cm, length_in, name, price, rating, stock_quantity, updated_at, weight_kg, weight_lb, width_cm, width_in, id) 
    values
        (?, ?, ?, ?, ?, ?, ?, ?, ?, ?, ?, ?, ?, ?, ?, ?, ?, default)
2026-07-19 23:53:42 DEBUG [main] org.hibernate.SQL - 
    insert 
    into
        products
        (brand, category_id, created_at, description, height_cm, height_in, length_cm, length_in, name, price, rating, stock_quantity, updated_at, weight_kg, weight_lb, width_cm, width_in, id) 
    values
        (?, ?, ?, ?, ?, ?, ?, ?, ?, ?, ?, ?, ?, ?, ?, ?, ?, default)
2026-07-19 23:53:42 DEBUG [main] org.hibernate.SQL - 
    insert 
    into
        products
        (brand, category_id, created_at, description, height_cm, height_in, length_cm, length_in, name, price, rating, stock_quantity, updated_at, weight_kg, weight_lb, width_cm, width_in, id) 
    values
        (?, ?, ?, ?, ?, ?, ?, ?, ?, ?, ?, ?, ?, ?, ?, ?, ?, default)
2026-07-19 23:53:42 DEBUG [main] org.hibernate.SQL - 
    insert 
    into
        products
        (brand, category_id, created_at, description, height_cm, height_in, length_cm, length_in, name, price, rating, stock_quantity, updated_at, weight_kg, weight_lb, width_cm, width_in, id) 
    values
        (?, ?, ?, ?, ?, ?, ?, ?, ?, ?, ?, ?, ?, ?, ?, ?, ?, default)
2026-07-19 23:53:42 WARN  [main] org.hibernate.orm.query - HHH90003004: firstResult/maxResults specified with collection fetch; applying in memory
2026-07-19 23:53:42 DEBUG [main] org.hibernate.SQL - 
    select
        distinct p1_0.id,
        p1_0.brand,
        p1_0.category_id,
        c1_0.id,
        c1_0.created_at,
        c1_0.description,
        c1_0.name,
        c1_0.slug,
        p1_0.created_at,
        p1_0.description,
        p1_0.height_cm,
        p1_0.height_in,
        i1_0.product_id,
        i1_0.id,
        i1_0.created_at,
        i1_0.file_name,
        i1_0.is_primary,
        i1_0.sort_order,
        i1_0.url_path,
        p1_0.length_cm,
        p1_0.length_in,
        p1_0.name,
        p1_0.price,
        p1_0.rating,
        p1_0.stock_quantity,
        p1_0.updated_at,
        p1_0.weight_kg,
        p1_0.weight_lb,
        p1_0.width_cm,
        p1_0.width_in 
    from
        products p1_0 
    join
        categories c1_0 
            on c1_0.id=p1_0.category_id 
    left join
        product_images i1_0 
            on p1_0.id=i1_0.product_id 
    where
        lower(p1_0.name) like ? escape '' 
        or lower(p1_0.description) like ? escape '' 
        or lower(p1_0.brand) like ? escape '' 
    order by
        p1_0.name,
        p1_0.rating desc,
        i1_0.sort_order
2026-07-19 23:53:42 DEBUG [main] org.hibernate.SQL - 
    select
        count(distinct p1_0.id) 
    from
        products p1_0 
    where
        lower(p1_0.name) like ? escape '' 
        or lower(p1_0.description) like ? escape '' 
        or lower(p1_0.brand) like ? escape ''
2026-07-19 23:53:42 DEBUG [main] org.hibernate.SQL - 
    select
        c1_0.id,
        c1_0.created_at,
        c1_0.description,
        c1_0.name,
        c1_0.slug 
    from
        categories c1_0
2026-07-19 23:53:42 DEBUG [main] org.hibernate.SQL - 
    select
        distinct p1_0.brand 
    from
        products p1_0 
    order by
        p1_0.brand
2026-07-19 23:53:42 DEBUG [main] org.hibernate.SQL - 
    select
        min(p1_0.price) 
    from
        products p1_0
2026-07-19 23:53:42 DEBUG [main] org.hibernate.SQL - 
    select
        max(p1_0.price) 
    from
        products p1_0
2026-07-19 23:53:42 WARN  [main] org.hibernate.orm.query - HHH90003004: firstResult/maxResults specified with collection fetch; applying in memory
2026-07-19 23:53:42 DEBUG [main] org.hibernate.SQL - 
    select
        distinct p1_0.id,
        p1_0.brand,
        p1_0.category_id,
        c1_0.id,
        c1_0.created_at,
        c1_0.description,
        c1_0.name,
        c1_0.slug,
        p1_0.created_at,
        p1_0.description,
        p1_0.height_cm,
        p1_0.height_in,
        i1_0.product_id,
        i1_0.id,
        i1_0.created_at,
        i1_0.file_name,
        i1_0.is_primary,
        i1_0.sort_order,
        i1_0.url_path,
        p1_0.length_cm,
        p1_0.length_in,
        p1_0.name,
        p1_0.price,
        p1_0.rating,
        p1_0.stock_quantity,
        p1_0.updated_at,
        p1_0.weight_kg,
        p1_0.weight_lb,
        p1_0.width_cm,
        p1_0.width_in 
    from
        products p1_0 
    join
        categories c1_0 
            on c1_0.id=p1_0.category_id 
    left join
        product_images i1_0 
            on p1_0.id=i1_0.product_id 
    where
        c1_0.slug=? 
    order by
        p1_0.rating desc,
        p1_0.name,
        i1_0.sort_order
2026-07-19 23:53:42 DEBUG [main] org.hibernate.SQL - 
    select
        count(distinct p1_0.id) 
    from
        products p1_0 
    join
        categories c1_0 
            on c1_0.id=p1_0.category_id 
    where
        c1_0.slug=?
2026-07-19 23:53:42 DEBUG [main] org.hibernate.SQL - 
    select
        c1_0.id,
        c1_0.created_at,
        c1_0.description,
        c1_0.name,
        c1_0.slug 
    from
        categories c1_0
2026-07-19 23:53:42 DEBUG [main] org.hibernate.SQL - 
    select
        distinct p1_0.brand 
    from
        products p1_0 
    order by
        p1_0.brand
2026-07-19 23:53:42 DEBUG [main] org.hibernate.SQL - 
    select
        min(p1_0.price) 
    from
        products p1_0
2026-07-19 23:53:42 DEBUG [main] org.hibernate.SQL - 
    select
        max(p1_0.price) 
    from
        products p1_0
2026-07-19 23:53:42 WARN  [main] org.hibernate.orm.query - HHH90003004: firstResult/maxResults specified with collection fetch; applying in memory
2026-07-19 23:53:42 DEBUG [main] org.hibernate.SQL - 
    select
        distinct p1_0.id,
        p1_0.brand,
        p1_0.category_id,
        c1_0.id,
        c1_0.created_at,
        c1_0.description,
        c1_0.name,
        c1_0.slug,
        p1_0.created_at,
        p1_0.description,
        p1_0.height_cm,
        p1_0.height_in,
        i1_0.product_id,
        i1_0.id,
        i1_0.created_at,
        i1_0.file_name,
        i1_0.is_primary,
        i1_0.sort_order,
        i1_0.url_path,
        p1_0.length_cm,
        p1_0.length_in,
        p1_0.name,
        p1_0.price,
        p1_0.rating,
        p1_0.stock_quantity,
        p1_0.updated_at,
        p1_0.weight_kg,
        p1_0.weight_lb,
        p1_0.width_cm,
        p1_0.width_in 
    from
        products p1_0 
    join
        categories c1_0 
            on c1_0.id=p1_0.category_id 
    left join
        product_images i1_0 
            on p1_0.id=i1_0.product_id 
    where
        p1_0.brand=? 
    order by
        p1_0.rating desc,
        p1_0.name,
        i1_0.sort_order
2026-07-19 23:53:42 DEBUG [main] org.hibernate.SQL - 
    select
        count(distinct p1_0.id) 
    from
        products p1_0 
    where
        p1_0.brand=?
2026-07-19 23:53:42 DEBUG [main] org.hibernate.SQL - 
    select
        c1_0.id,
        c1_0.created_at,
        c1_0.description,
        c1_0.name,
        c1_0.slug 
    from
        categories c1_0
2026-07-19 23:53:42 DEBUG [main] org.hibernate.SQL - 
    select
        distinct p1_0.brand 
    from
        products p1_0 
    order by
        p1_0.brand
2026-07-19 23:53:42 DEBUG [main] org.hibernate.SQL - 
    select
        min(p1_0.price) 
    from
        products p1_0
2026-07-19 23:53:42 DEBUG [main] org.hibernate.SQL - 
    select
        max(p1_0.price) 
    from
        products p1_0
]]></system-out>
  </testcase>
  <testcase name="priceFilterAndSortingWork" classname="com.lampify.controller.ProductCatalogIntegrationTest" time="0.066">
    <system-out><![CDATA[2026-07-19 23:53:42 DEBUG [main] org.hibernate.SQL - 
    select
        p1_0.id,
        p1_0.brand,
        p1_0.category_id,
        p1_0.created_at,
        p1_0.description,
        p1_0.height_cm,
        p1_0.height_in,
        p1_0.length_cm,
        p1_0.length_in,
        p1_0.name,
        p1_0.price,
        p1_0.rating,
        p1_0.stock_quantity,
        p1_0.updated_at,
        p1_0.weight_kg,
        p1_0.weight_lb,
        p1_0.width_cm,
        p1_0.width_in 
    from
        products p1_0
2026-07-19 23:53:42 DEBUG [main] org.hibernate.SQL - 
    select
        i1_0.product_id,
        i1_0.id,
        i1_0.created_at,
        i1_0.file_name,
        i1_0.is_primary,
        i1_0.sort_order,
        i1_0.url_path 
    from
        product_images i1_0 
    where
        i1_0.product_id=? 
    order by
        i1_0.sort_order
2026-07-19 23:53:42 DEBUG [main] org.hibernate.SQL - 
    select
        i1_0.product_id,
        i1_0.id,
        i1_0.created_at,
        i1_0.file_name,
        i1_0.is_primary,
        i1_0.sort_order,
        i1_0.url_path 
    from
        product_images i1_0 
    where
        i1_0.product_id=? 
    order by
        i1_0.sort_order
2026-07-19 23:53:42 DEBUG [main] org.hibernate.SQL - 
    select
        i1_0.product_id,
        i1_0.id,
        i1_0.created_at,
        i1_0.file_name,
        i1_0.is_primary,
        i1_0.sort_order,
        i1_0.url_path 
    from
        product_images i1_0 
    where
        i1_0.product_id=? 
    order by
        i1_0.sort_order
2026-07-19 23:53:42 DEBUG [main] org.hibernate.SQL - 
    select
        i1_0.product_id,
        i1_0.id,
        i1_0.created_at,
        i1_0.file_name,
        i1_0.is_primary,
        i1_0.sort_order,
        i1_0.url_path 
    from
        product_images i1_0 
    where
        i1_0.product_id=? 
    order by
        i1_0.sort_order
2026-07-19 23:53:42 DEBUG [main] org.hibernate.SQL - 
    delete 
    from
        products 
    where
        id=?
2026-07-19 23:53:42 DEBUG [main] org.hibernate.SQL - 
    delete 
    from
        products 
    where
        id=?
2026-07-19 23:53:42 DEBUG [main] org.hibernate.SQL - 
    delete 
    from
        products 
    where
        id=?
2026-07-19 23:53:42 DEBUG [main] org.hibernate.SQL - 
    delete 
    from
        products 
    where
        id=?
2026-07-19 23:53:42 DEBUG [main] org.hibernate.SQL - 
    select
        c1_0.id,
        c1_0.created_at,
        c1_0.description,
        c1_0.name,
        c1_0.slug 
    from
        categories c1_0
2026-07-19 23:53:42 DEBUG [main] org.hibernate.SQL - 
    delete 
    from
        categories 
    where
        id=?
2026-07-19 23:53:42 DEBUG [main] org.hibernate.SQL - 
    delete 
    from
        categories 
    where
        id=?
2026-07-19 23:53:42 DEBUG [main] org.hibernate.SQL - 
    insert 
    into
        categories
        (created_at, description, name, slug, id) 
    values
        (?, ?, ?, ?, default)
2026-07-19 23:53:42 DEBUG [main] org.hibernate.SQL - 
    insert 
    into
        categories
        (created_at, description, name, slug, id) 
    values
        (?, ?, ?, ?, default)
2026-07-19 23:53:42 DEBUG [main] org.hibernate.SQL - 
    insert 
    into
        products
        (brand, category_id, created_at, description, height_cm, height_in, length_cm, length_in, name, price, rating, stock_quantity, updated_at, weight_kg, weight_lb, width_cm, width_in, id) 
    values
        (?, ?, ?, ?, ?, ?, ?, ?, ?, ?, ?, ?, ?, ?, ?, ?, ?, default)
2026-07-19 23:53:42 DEBUG [main] org.hibernate.SQL - 
    insert 
    into
        products
        (brand, category_id, created_at, description, height_cm, height_in, length_cm, length_in, name, price, rating, stock_quantity, updated_at, weight_kg, weight_lb, width_cm, width_in, id) 
    values
        (?, ?, ?, ?, ?, ?, ?, ?, ?, ?, ?, ?, ?, ?, ?, ?, ?, default)
2026-07-19 23:53:42 DEBUG [main] org.hibernate.SQL - 
    insert 
    into
        products
        (brand, category_id, created_at, description, height_cm, height_in, length_cm, length_in, name, price, rating, stock_quantity, updated_at, weight_kg, weight_lb, width_cm, width_in, id) 
    values
        (?, ?, ?, ?, ?, ?, ?, ?, ?, ?, ?, ?, ?, ?, ?, ?, ?, default)
2026-07-19 23:53:42 DEBUG [main] org.hibernate.SQL - 
    insert 
    into
        products
        (brand, category_id, created_at, description, height_cm, height_in, length_cm, length_in, name, price, rating, stock_quantity, updated_at, weight_kg, weight_lb, width_cm, width_in, id) 
    values
        (?, ?, ?, ?, ?, ?, ?, ?, ?, ?, ?, ?, ?, ?, ?, ?, ?, default)
2026-07-19 23:53:42 WARN  [main] org.hibernate.orm.query - HHH90003004: firstResult/maxResults specified with collection fetch; applying in memory
2026-07-19 23:53:42 DEBUG [main] org.hibernate.SQL - 
    select
        distinct p1_0.id,
        p1_0.brand,
        p1_0.category_id,
        c1_0.id,
        c1_0.created_at,
        c1_0.description,
        c1_0.name,
        c1_0.slug,
        p1_0.created_at,
        p1_0.description,
        p1_0.height_cm,
        p1_0.height_in,
        i1_0.product_id,
        i1_0.id,
        i1_0.created_at,
        i1_0.file_name,
        i1_0.is_primary,
        i1_0.sort_order,
        i1_0.url_path,
        p1_0.length_cm,
        p1_0.length_in,
        p1_0.name,
        p1_0.price,
        p1_0.rating,
        p1_0.stock_quantity,
        p1_0.updated_at,
        p1_0.weight_kg,
        p1_0.weight_lb,
        p1_0.width_cm,
        p1_0.width_in 
    from
        products p1_0 
    join
        categories c1_0 
            on c1_0.id=p1_0.category_id 
    left join
        product_images i1_0 
            on p1_0.id=i1_0.product_id 
    where
        p1_0.price>=? 
        and p1_0.price<=? 
    order by
        p1_0.rating desc,
        p1_0.name,
        i1_0.sort_order
2026-07-19 23:53:42 DEBUG [main] org.hibernate.SQL - 
    select
        count(distinct p1_0.id) 
    from
        products p1_0 
    where
        p1_0.price>=? 
        and p1_0.price<=?
2026-07-19 23:53:42 DEBUG [main] org.hibernate.SQL - 
    select
        c1_0.id,
        c1_0.created_at,
        c1_0.description,
        c1_0.name,
        c1_0.slug 
    from
        categories c1_0
2026-07-19 23:53:42 DEBUG [main] org.hibernate.SQL - 
    select
        distinct p1_0.brand 
    from
        products p1_0 
    order by
        p1_0.brand
2026-07-19 23:53:42 DEBUG [main] org.hibernate.SQL - 
    select
        min(p1_0.price) 
    from
        products p1_0
2026-07-19 23:53:42 DEBUG [main] org.hibernate.SQL - 
    select
        max(p1_0.price) 
    from
        products p1_0
2026-07-19 23:53:42 WARN  [main] org.hibernate.orm.query - HHH90003004: firstResult/maxResults specified with collection fetch; applying in memory
2026-07-19 23:53:42 DEBUG [main] org.hibernate.SQL - 
    select
        distinct p1_0.id,
        p1_0.brand,
        p1_0.category_id,
        c1_0.id,
        c1_0.created_at,
        c1_0.description,
        c1_0.name,
        c1_0.slug,
        p1_0.created_at,
        p1_0.description,
        p1_0.height_cm,
        p1_0.height_in,
        i1_0.product_id,
        i1_0.id,
        i1_0.created_at,
        i1_0.file_name,
        i1_0.is_primary,
        i1_0.sort_order,
        i1_0.url_path,
        p1_0.length_cm,
        p1_0.length_in,
        p1_0.name,
        p1_0.price,
        p1_0.rating,
        p1_0.stock_quantity,
        p1_0.updated_at,
        p1_0.weight_kg,
        p1_0.weight_lb,
        p1_0.width_cm,
        p1_0.width_in 
    from
        products p1_0 
    join
        categories c1_0 
            on c1_0.id=p1_0.category_id 
    left join
        product_images i1_0 
            on p1_0.id=i1_0.product_id 
    order by
        p1_0.price,
        i1_0.sort_order
2026-07-19 23:53:42 DEBUG [main] org.hibernate.SQL - 
    select
        count(distinct p1_0.id) 
    from
        products p1_0
2026-07-19 23:53:42 DEBUG [main] org.hibernate.SQL - 
    select
        c1_0.id,
        c1_0.created_at,
        c1_0.description,
        c1_0.name,
        c1_0.slug 
    from
        categories c1_0
2026-07-19 23:53:42 DEBUG [main] org.hibernate.SQL - 
    select
        distinct p1_0.brand 
    from
        products p1_0 
    order by
        p1_0.brand
2026-07-19 23:53:42 DEBUG [main] org.hibernate.SQL - 
    select
        min(p1_0.price) 
    from
        products p1_0
2026-07-19 23:53:42 DEBUG [main] org.hibernate.SQL - 
    select
        max(p1_0.price) 
    from
        products p1_0
2026-07-19 23:53:42 WARN  [main] org.hibernate.orm.query - HHH90003004: firstResult/maxResults specified with collection fetch; applying in memory
2026-07-19 23:53:42 DEBUG [main] org.hibernate.SQL - 
    select
        distinct p1_0.id,
        p1_0.brand,
        p1_0.category_id,
        c1_0.id,
        c1_0.created_at,
        c1_0.description,
        c1_0.name,
        c1_0.slug,
        p1_0.created_at,
        p1_0.description,
        p1_0.height_cm,
        p1_0.height_in,
        i1_0.product_id,
        i1_0.id,
        i1_0.created_at,
        i1_0.file_name,
        i1_0.is_primary,
        i1_0.sort_order,
        i1_0.url_path,
        p1_0.length_cm,
        p1_0.length_in,
        p1_0.name,
        p1_0.price,
        p1_0.rating,
        p1_0.stock_quantity,
        p1_0.updated_at,
        p1_0.weight_kg,
        p1_0.weight_lb,
        p1_0.width_cm,
        p1_0.width_in 
    from
        products p1_0 
    join
        categories c1_0 
            on c1_0.id=p1_0.category_id 
    left join
        product_images i1_0 
            on p1_0.id=i1_0.product_id 
    order by
        p1_0.rating desc,
        p1_0.name,
        i1_0.sort_order
2026-07-19 23:53:42 DEBUG [main] org.hibernate.SQL - 
    select
        count(distinct p1_0.id) 
    from
        products p1_0
2026-07-19 23:53:42 DEBUG [main] org.hibernate.SQL - 
    select
        c1_0.id,
        c1_0.created_at,
        c1_0.description,
        c1_0.name,
        c1_0.slug 
    from
        categories c1_0
2026-07-19 23:53:42 DEBUG [main] org.hibernate.SQL - 
    select
        distinct p1_0.brand 
    from
        products p1_0 
    order by
        p1_0.brand
2026-07-19 23:53:42 DEBUG [main] org.hibernate.SQL - 
    select
        min(p1_0.price) 
    from
        products p1_0
2026-07-19 23:53:42 DEBUG [main] org.hibernate.SQL - 
    select
        max(p1_0.price) 
    from
        products p1_0
]]></system-out>
  </testcase>
  <testcase name="categoriesAndProductDetailEndpointsWork" classname="com.lampify.controller.ProductCatalogIntegrationTest" time="0.047">
    <system-out><![CDATA[2026-07-19 23:53:42 DEBUG [main] org.hibernate.SQL - 
    select
        p1_0.id,
        p1_0.brand,
        p1_0.category_id,
        p1_0.created_at,
        p1_0.description,
        p1_0.height_cm,
        p1_0.height_in,
        p1_0.length_cm,
        p1_0.length_in,
        p1_0.name,
        p1_0.price,
        p1_0.rating,
        p1_0.stock_quantity,
        p1_0.updated_at,
        p1_0.weight_kg,
        p1_0.weight_lb,
        p1_0.width_cm,
        p1_0.width_in 
    from
        products p1_0
2026-07-19 23:53:42 DEBUG [main] org.hibernate.SQL - 
    select
        i1_0.product_id,
        i1_0.id,
        i1_0.created_at,
        i1_0.file_name,
        i1_0.is_primary,
        i1_0.sort_order,
        i1_0.url_path 
    from
        product_images i1_0 
    where
        i1_0.product_id=? 
    order by
        i1_0.sort_order
2026-07-19 23:53:42 DEBUG [main] org.hibernate.SQL - 
    select
        i1_0.product_id,
        i1_0.id,
        i1_0.created_at,
        i1_0.file_name,
        i1_0.is_primary,
        i1_0.sort_order,
        i1_0.url_path 
    from
        product_images i1_0 
    where
        i1_0.product_id=? 
    order by
        i1_0.sort_order
2026-07-19 23:53:42 DEBUG [main] org.hibernate.SQL - 
    select
        i1_0.product_id,
        i1_0.id,
        i1_0.created_at,
        i1_0.file_name,
        i1_0.is_primary,
        i1_0.sort_order,
        i1_0.url_path 
    from
        product_images i1_0 
    where
        i1_0.product_id=? 
    order by
        i1_0.sort_order
2026-07-19 23:53:42 DEBUG [main] org.hibernate.SQL - 
    select
        i1_0.product_id,
        i1_0.id,
        i1_0.created_at,
        i1_0.file_name,
        i1_0.is_primary,
        i1_0.sort_order,
        i1_0.url_path 
    from
        product_images i1_0 
    where
        i1_0.product_id=? 
    order by
        i1_0.sort_order
2026-07-19 23:53:42 DEBUG [main] org.hibernate.SQL - 
    delete 
    from
        products 
    where
        id=?
2026-07-19 23:53:42 DEBUG [main] org.hibernate.SQL - 
    delete 
    from
        products 
    where
        id=?
2026-07-19 23:53:42 DEBUG [main] org.hibernate.SQL - 
    delete 
    from
        products 
    where
        id=?
2026-07-19 23:53:42 DEBUG [main] org.hibernate.SQL - 
    delete 
    from
        products 
    where
        id=?
2026-07-19 23:53:42 DEBUG [main] org.hibernate.SQL - 
    select
        c1_0.id,
        c1_0.created_at,
        c1_0.description,
        c1_0.name,
        c1_0.slug 
    from
        categories c1_0
2026-07-19 23:53:42 DEBUG [main] org.hibernate.SQL - 
    delete 
    from
        categories 
    where
        id=?
2026-07-19 23:53:42 DEBUG [main] org.hibernate.SQL - 
    delete 
    from
        categories 
    where
        id=?
2026-07-19 23:53:42 DEBUG [main] org.hibernate.SQL - 
    insert 
    into
        categories
        (created_at, description, name, slug, id) 
    values
        (?, ?, ?, ?, default)
2026-07-19 23:53:42 DEBUG [main] org.hibernate.SQL - 
    insert 
    into
        categories
        (created_at, description, name, slug, id) 
    values
        (?, ?, ?, ?, default)
2026-07-19 23:53:42 DEBUG [main] org.hibernate.SQL - 
    insert 
    into
        products
        (brand, category_id, created_at, description, height_cm, height_in, length_cm, length_in, name, price, rating, stock_quantity, updated_at, weight_kg, weight_lb, width_cm, width_in, id) 
    values
        (?, ?, ?, ?, ?, ?, ?, ?, ?, ?, ?, ?, ?, ?, ?, ?, ?, default)
2026-07-19 23:53:42 DEBUG [main] org.hibernate.SQL - 
    insert 
    into
        products
        (brand, category_id, created_at, description, height_cm, height_in, length_cm, length_in, name, price, rating, stock_quantity, updated_at, weight_kg, weight_lb, width_cm, width_in, id) 
    values
        (?, ?, ?, ?, ?, ?, ?, ?, ?, ?, ?, ?, ?, ?, ?, ?, ?, default)
2026-07-19 23:53:42 DEBUG [main] org.hibernate.SQL - 
    insert 
    into
        products
        (brand, category_id, created_at, description, height_cm, height_in, length_cm, length_in, name, price, rating, stock_quantity, updated_at, weight_kg, weight_lb, width_cm, width_in, id) 
    values
        (?, ?, ?, ?, ?, ?, ?, ?, ?, ?, ?, ?, ?, ?, ?, ?, ?, default)
2026-07-19 23:53:42 DEBUG [main] org.hibernate.SQL - 
    insert 
    into
        products
        (brand, category_id, created_at, description, height_cm, height_in, length_cm, length_in, name, price, rating, stock_quantity, updated_at, weight_kg, weight_lb, width_cm, width_in, id) 
    values
        (?, ?, ?, ?, ?, ?, ?, ?, ?, ?, ?, ?, ?, ?, ?, ?, ?, default)
2026-07-19 23:53:42 DEBUG [main] org.hibernate.SQL - 
    select
        c1_0.id,
        c1_0.created_at,
        c1_0.description,
        c1_0.name,
        c1_0.slug 
    from
        categories c1_0
2026-07-19 23:53:42 DEBUG [main] org.hibernate.SQL - 
    select
        p1_0.id,
        p1_0.brand,
        p1_0.category_id,
        p1_0.created_at,
        p1_0.description,
        p1_0.height_cm,
        p1_0.height_in,
        p1_0.length_cm,
        p1_0.length_in,
        p1_0.name,
        p1_0.price,
        p1_0.rating,
        p1_0.stock_quantity,
        p1_0.updated_at,
        p1_0.weight_kg,
        p1_0.weight_lb,
        p1_0.width_cm,
        p1_0.width_in 
    from
        products p1_0
2026-07-19 23:53:42 DEBUG [main] org.hibernate.SQL - 
    select
        p1_0.id,
        p1_0.brand,
        p1_0.category_id,
        p1_0.created_at,
        p1_0.description,
        p1_0.height_cm,
        p1_0.height_in,
        p1_0.length_cm,
        p1_0.length_in,
        p1_0.name,
        p1_0.price,
        p1_0.rating,
        p1_0.stock_quantity,
        p1_0.updated_at,
        p1_0.weight_kg,
        p1_0.weight_lb,
        p1_0.width_cm,
        p1_0.width_in 
    from
        products p1_0 
    where
        p1_0.id=?
2026-07-19 23:53:42 DEBUG [main] org.hibernate.SQL - 
    select
        c1_0.id,
        c1_0.created_at,
        c1_0.description,
        c1_0.name,
        c1_0.slug 
    from
        categories c1_0 
    where
        c1_0.id=?
2026-07-19 23:53:42 DEBUG [main] org.hibernate.SQL - 
    select
        i1_0.product_id,
        i1_0.id,
        i1_0.created_at,
        i1_0.file_name,
        i1_0.is_primary,
        i1_0.sort_order,
        i1_0.url_path 
    from
        product_images i1_0 
    where
        i1_0.product_id=? 
    order by
        i1_0.sort_order
]]></system-out>
  </testcase>
</testsuite>